<?xml version="1.0" encoding="UTF-8"?>
<robot generator="Robot 7.0 (Python 3.12.1 on win32)" generated="2024-03-13T15:45:29.387881" rpa="false" schemaversion="5">
<suite id="s1" name="Front Serverest Test" source="C:\Users\Pc\Documents\curriculo\RobotFramework\FrontServe\front_serverest_test.robot">
<test id="s1-t1" name="Caso de Teste 01 - Cadastro com Usuário validos" line="9">
<kw name="Abrir o navegador" owner="front_serverest_resources" type="SETUP">
<kw name="Open Browser" owner="SeleniumLibrary">
<msg time="2024-03-13T15:45:29.900188" level="INFO">Opening browser 'chrome' to base url 'None'.</msg>
<arg>browser=chrome</arg>
<doc>Opens a new browser instance to the optional ``url``.</doc>
<status status="PASS" start="2024-03-13T15:45:29.900188" elapsed="4.361029"/>
</kw>
<kw name="Maximize Browser Window" owner="SeleniumLibrary">
<doc>Maximizes current browser window.</doc>
<status status="PASS" start="2024-03-13T15:45:34.261217" elapsed="0.166669"/>
</kw>
<status status="PASS" start="2024-03-13T15:45:29.884569" elapsed="4.543317"/>
</kw>
<kw name="Dado que eu esteja no site &quot;front.serverest&quot;" owner="front_serverest_resources">
<kw name="Go To" owner="SeleniumLibrary">
<msg time="2024-03-13T15:45:34.427886" level="INFO">Opening url 'https://front.serverest.dev/login'</msg>
<arg>url=${URL}</arg>
<doc>Navigates the current browser window to the provided ``url``.</doc>
<status status="PASS" start="2024-03-13T15:45:34.427886" elapsed="1.881886"/>
</kw>
<kw name="Title Should Be" owner="SeleniumLibrary">
<msg time="2024-03-13T15:45:36.325394" level="INFO">Page title is 'Front - ServeRest'.</msg>
<arg>Front - ServeRest</arg>
<doc>Verifies that the current page title equals ``title``.</doc>
<status status="PASS" start="2024-03-13T15:45:36.309772" elapsed="0.015622"/>
</kw>
<kw name="Capture Page Screenshot" owner="SeleniumLibrary">
<msg time="2024-03-13T15:45:37.548255" level="INFO" html="true">&lt;/td&gt;&lt;/tr&gt;&lt;tr&gt;&lt;td colspan="3"&gt;&lt;a href="Site_Front_Severest.png"&gt;&lt;img src="Site_Front_Severest.png" width="800px"&gt;&lt;/a&gt;</msg>
<arg>Site_Front_Severest.png</arg>
<doc>Takes a screenshot of the current page and embeds it into a log file.</doc>
<status status="PASS" start="2024-03-13T15:45:36.325394" elapsed="1.222861"/>
</kw>
<status status="PASS" start="2024-03-13T15:45:34.427886" elapsed="3.120369"/>
</kw>
<kw name="Quando clico na opcao cadastro" owner="front_serverest_resources">
<kw name="Page Should Contain Element" owner="SeleniumLibrary">
<msg time="2024-03-13T15:45:37.583939" level="INFO">Current page contains element '//a[@data-testid='cadastrar'][contains(.,'Cadastre-se')]'.</msg>
<arg>${BTNCADASDTRO}</arg>
<doc>Verifies that element ``locator`` is found on the current page.</doc>
<status status="PASS" start="2024-03-13T15:45:37.548255" elapsed="0.036683"/>
</kw>
<kw name="Click Element" owner="SeleniumLibrary">
<msg time="2024-03-13T15:45:37.584938" level="INFO">Clicking element '//a[@data-testid='cadastrar'][contains(.,'Cadastre-se')]'.</msg>
<arg>${BTNCADASDTRO}</arg>
<doc>Click the element identified by ``locator``.</doc>
<status status="PASS" start="2024-03-13T15:45:37.584938" elapsed="0.150599"/>
</kw>
<kw name="Capture Page Screenshot" owner="SeleniumLibrary">
<msg time="2024-03-13T15:45:38.126029" level="INFO" html="true">&lt;/td&gt;&lt;/tr&gt;&lt;tr&gt;&lt;td colspan="3"&gt;&lt;a href="Tela_De_Cadastro.png"&gt;&lt;img src="Tela_De_Cadastro.png" width="800px"&gt;&lt;/a&gt;</msg>
<arg>Tela_De_Cadastro.png</arg>
<doc>Takes a screenshot of the current page and embeds it into a log file.</doc>
<status status="PASS" start="2024-03-13T15:45:37.735537" elapsed="0.390492"/>
</kw>
<status status="PASS" start="2024-03-13T15:45:37.548255" elapsed="0.577774"/>
</kw>
<kw name="Entao efetuo o cadastro" owner="front_serverest_resources">
<kw name="Page Should Contain Element" owner="SeleniumLibrary">
<msg time="2024-03-13T15:45:38.154961" level="INFO">Current page contains element 'nome'.</msg>
<arg>${CDNOME}</arg>
<doc>Verifies that element ``locator`` is found on the current page.</doc>
<status status="PASS" start="2024-03-13T15:45:38.126029" elapsed="0.029931"/>
</kw>
<kw name="Input Text" owner="SeleniumLibrary">
<msg time="2024-03-13T15:45:38.155960" level="INFO">Typing text 'Weslley Rodrigues da Silva' into text field 'nome'.</msg>
<arg>${CDNOME}</arg>
<arg>Weslley Rodrigues da Silva</arg>
<doc>Types the given ``text`` into the text field identified by ``locator``.</doc>
<status status="PASS" start="2024-03-13T15:45:38.155960" elapsed="0.239625"/>
</kw>
<kw name="Capture Page Screenshot" owner="SeleniumLibrary">
<msg time="2024-03-13T15:45:38.807516" level="INFO" html="true">&lt;/td&gt;&lt;/tr&gt;&lt;tr&gt;&lt;td colspan="3"&gt;&lt;a href="Nome_Usuario.png"&gt;&lt;img src="Nome_Usuario.png" width="800px"&gt;&lt;/a&gt;</msg>
<arg>Nome_Usuario.png</arg>
<doc>Takes a screenshot of the current page and embeds it into a log file.</doc>
<status status="PASS" start="2024-03-13T15:45:38.395725" elapsed="0.411791"/>
</kw>
<status status="PASS" start="2024-03-13T15:45:38.126029" elapsed="0.681487"/>
</kw>
<kw name="Fechar o navegador" owner="front_serverest_resources" type="TEARDOWN">
<kw name="Close Browser" owner="SeleniumLibrary">
<doc>Closes the current browser.</doc>
<status status="PASS" start="2024-03-13T15:45:38.807516" elapsed="3.522390"/>
</kw>
<status status="PASS" start="2024-03-13T15:45:38.807516" elapsed="3.522390"/>
</kw>
<doc>Esse teste valida o login no site do https://front.serverest.dev/
com usuários validos</doc>
<tag>login</tag>
<status status="PASS" start="2024-03-13T15:45:29.884569" elapsed="12.445337"/>
</test>
<doc>Essa suíte testes o site da https://front.serverest.dev/</doc>
<status status="PASS" start="2024-03-13T15:45:29.387881" elapsed="12.942025"/>
</suite>
<statistics>
<total>
<stat pass="1" fail="0" skip="0">All Tests</stat>
</total>
<tag>
<stat pass="1" fail="0" skip="0">login</stat>
</tag>
<suite>
<stat pass="1" fail="0" skip="0" id="s1" name="Front Serverest Test">Front Serverest Test</stat>
</suite>
</statistics>
<errors>
</errors>
</robot>
